2025-07-11 21:10:55,225 - DEBUG - Loadouts loaded: {'Alpha': ['MG-43 Machine Gun', 'Reinforce', 'E/MG-101 HMG Emplacement', 'Orbital Gatling Barrage'], '500kg, laser dog, airstrike, quasar': ['AX/LAS-5 "Guard Dog" Rover', 'Eagle 500kg Bomb', 'Eagle Airstrike', 'LAS-99 Quasar Cannon']}
2025-07-11 21:10:58,301 - DEBUG - on_select triggered
2025-07-11 21:10:58,301 - DEBUG - Selection: (0,)
2025-07-11 21:10:58,302 - DEBUG - Selected loadout name: 500kg, laser dog, airstrike, quasar
2025-07-11 21:10:58,302 - DEBUG - ===== RELOAD AHK FUNCTION CALLED =====
2025-07-11 21:10:58,302 - DEBUG - Current working directory: /mnt/c/Users/coleb/OneDrive/Desktop
2025-07-11 21:10:58,302 - DEBUG - BASE_DIR: /home/coleb/projects/helldivers_strats/data
2025-07-11 21:10:58,303 - DEBUG - Generated Loadout Script Path: /home/coleb/projects/helldivers_strats/data/generated_loadout.ahk
2025-07-11 21:10:58,303 - DEBUG - AHK Executable: /mnt/c/Program Files/AutoHotkey/v1.1.37.02/AutoHotkeyU32.exe
2025-07-11 21:10:58,303 - DEBUG - AHK Executable (Windows path): C:\Program Files\AutoHotkey\v1.1.37.02\AutoHotkeyU32.exe
2025-07-11 21:10:58,303 - DEBUG - Generated Loadout Script Path (Windows): /home/coleb/projects/helldivers_strats/data/generated_loadout.ahk
2025-07-11 21:10:58,303 - DEBUG - Script file exists: /home/coleb/projects/helldivers_strats/data/generated_loadout.ahk
2025-07-11 21:10:58,305 - DEBUG - AHK executable exists: /mnt/c/Program Files/AutoHotkey/v1.1.37.02/AutoHotkeyU32.exe
2025-07-11 21:10:58,305 - DEBUG - Created batch file: /home/coleb/projects/helldivers_strats/data/run_ahk.bat
2025-07-11 21:10:58,306 - DEBUG - Batch file content:
@echo off
echo Starting AutoHotkey...
"C:\Program Files\AutoHotkey\v1.1.37.02\AutoHotkeyU32.exe" "/home/coleb/projects/helldivers_strats/data/generated_loadout.ahk"
echo AHK execution finished
exit
2025-07-11 21:10:58,306 - DEBUG - Executing command: cmd.exe /c "/home/coleb/projects/helldivers_strats/data/run_ahk.bat"
2025-07-11 21:10:58,306 - DEBUG - Subprocess result: <Popen: returncode: None args: 'cmd.exe /c "/home/coleb/projects/helldivers_...>
2025-07-11 21:10:58,334 - DEBUG - Process stderr: The system cannot find the path specified.

2025-07-11 21:10:58,334 - DEBUG - AHK script execution initiated successfully
2025-07-11 21:11:01,740 - DEBUG - Loadout selected: 500kg, laser dog, airstrike, quasar, Loadout details: ['AX/LAS-5 "Guard Dog" Rover', 'Eagle 500kg Bomb', 'Eagle Airstrike', 'LAS-99 Quasar Cannon']
2025-07-11 21:11:14,708 - DEBUG - on_select triggered
2025-07-11 21:11:14,708 - DEBUG - Selection: (0,)
2025-07-11 21:11:14,708 - DEBUG - Selected loadout name: 500kg, laser dog, airstrike, quasar
2025-07-11 21:11:14,708 - DEBUG - ===== RELOAD AHK FUNCTION CALLED =====
2025-07-11 21:11:14,709 - DEBUG - Current working directory: /mnt/c/Users/coleb/OneDrive/Desktop
2025-07-11 21:11:14,709 - DEBUG - BASE_DIR: /home/coleb/projects/helldivers_strats/data
2025-07-11 21:11:14,709 - DEBUG - Generated Loadout Script Path: /home/coleb/projects/helldivers_strats/data/generated_loadout.ahk
2025-07-11 21:11:14,709 - DEBUG - AHK Executable: /mnt/c/Program Files/AutoHotkey/v1.1.37.02/AutoHotkeyU32.exe
2025-07-11 21:11:14,709 - DEBUG - AHK Executable (Windows path): C:\Program Files\AutoHotkey\v1.1.37.02\AutoHotkeyU32.exe
2025-07-11 21:11:14,709 - DEBUG - Generated Loadout Script Path (Windows): /home/coleb/projects/helldivers_strats/data/generated_loadout.ahk
2025-07-11 21:11:14,710 - DEBUG - Script file exists: /home/coleb/projects/helldivers_strats/data/generated_loadout.ahk
2025-07-11 21:11:14,712 - DEBUG - AHK executable exists: /mnt/c/Program Files/AutoHotkey/v1.1.37.02/AutoHotkeyU32.exe
2025-07-11 21:11:14,712 - DEBUG - Created batch file: /home/coleb/projects/helldivers_strats/data/run_ahk.bat
2025-07-11 21:11:14,712 - DEBUG - Batch file content:
@echo off
echo Starting AutoHotkey...
"C:\Program Files\AutoHotkey\v1.1.37.02\AutoHotkeyU32.exe" "/home/coleb/projects/helldivers_strats/data/generated_loadout.ahk"
echo AHK execution finished
exit
2025-07-11 21:11:14,712 - DEBUG - Executing command: cmd.exe /c "/home/coleb/projects/helldivers_strats/data/run_ahk.bat"
2025-07-11 21:11:14,713 - DEBUG - Subprocess result: <Popen: returncode: None args: 'cmd.exe /c "/home/coleb/projects/helldivers_...>
2025-07-11 21:11:14,738 - DEBUG - Process stderr: The system cannot find the path specified.

2025-07-11 21:11:14,738 - DEBUG - AHK script execution initiated successfully
2025-07-11 21:12:03,252 - DEBUG - Loadout selected: 500kg, laser dog, airstrike, quasar, Loadout details: ['AX/LAS-5 "Guard Dog" Rover', 'Eagle 500kg Bomb', 'Eagle Airstrike', 'LAS-99 Quasar Cannon']
2025-07-11 21:12:40,817 - DEBUG - Loadouts loaded: {'Alpha': ['MG-43 Machine Gun', 'Reinforce', 'E/MG-101 HMG Emplacement', 'Orbital Gatling Barrage'], '500kg, laser dog, airstrike, quasar': ['AX/LAS-5 "Guard Dog" Rover', 'Eagle 500kg Bomb', 'Eagle Airstrike', 'LAS-99 Quasar Cannon']}
2025-07-11 21:12:42,704 - DEBUG - on_select triggered
2025-07-11 21:12:42,704 - DEBUG - Selection: (0,)
2025-07-11 21:12:42,704 - DEBUG - Selected loadout name: 500kg, laser dog, airstrike, quasar
2025-07-11 21:12:42,705 - DEBUG - ===== RELOAD AHK FUNCTION CALLED =====
2025-07-11 21:12:42,705 - DEBUG - Current working directory: /mnt/c/Users/coleb/OneDrive/Desktop
2025-07-11 21:12:42,705 - DEBUG - BASE_DIR: /home/coleb/projects/helldivers_strats/data
2025-07-11 21:12:42,706 - DEBUG - Generated Loadout Script Path: /home/coleb/projects/helldivers_strats/data/generated_loadout.ahk
2025-07-11 21:12:42,706 - DEBUG - AHK Executable: /mnt/c/Program Files/AutoHotkey/v1.1.37.02/AutoHotkeyU32.exe
2025-07-11 21:12:42,706 - DEBUG - AHK Executable (Windows path): C:\Program Files\AutoHotkey\v1.1.37.02\AutoHotkeyU32.exe
2025-07-11 21:12:42,706 - DEBUG - Generated Loadout Script Path (Windows): \\wsl$\Ubuntu\home\coleb\projects\helldivers_strats\data\generated_loadout.ahk
2025-07-11 21:12:42,706 - DEBUG - Script file exists: /home/coleb/projects/helldivers_strats/data/generated_loadout.ahk
2025-07-11 21:12:42,708 - DEBUG - AHK executable exists: /mnt/c/Program Files/AutoHotkey/v1.1.37.02/AutoHotkeyU32.exe
2025-07-11 21:12:42,708 - DEBUG - Using direct command execution method
2025-07-11 21:12:42,708 - DEBUG - Executing command: cmd.exe /c ""C:\Program Files\AutoHotkey\v1.1.37.02\AutoHotkeyU32.exe" "\\wsl$\Ubuntu\home\coleb\projects\helldivers_strats\data\generated_loadout.ahk""
2025-07-11 21:12:42,709 - DEBUG - Subprocess result: <Popen: returncode: None args: 'cmd.exe /c ""C:\\Program Files\\AutoHotkey\\...>
2025-07-11 21:12:42,737 - DEBUG - Process stderr: 'C:Program' is not recognized as an internal or external command,
operable program or batch file.

2025-07-11 21:12:42,737 - DEBUG - AHK script execution initiated successfully
2025-07-11 21:12:44,308 - DEBUG - Loadout selected: 500kg, laser dog, airstrike, quasar, Loadout details: ['AX/LAS-5 "Guard Dog" Rover', 'Eagle 500kg Bomb', 'Eagle Airstrike', 'LAS-99 Quasar Cannon']
2025-07-11 21:13:43,525 - DEBUG - Loadouts loaded: {'Alpha': ['MG-43 Machine Gun', 'Reinforce', 'E/MG-101 HMG Emplacement', 'Orbital Gatling Barrage'], '500kg, laser dog, airstrike, quasar': ['AX/LAS-5 "Guard Dog" Rover', 'Eagle 500kg Bomb', 'Eagle Airstrike', 'LAS-99 Quasar Cannon']}
2025-07-11 21:13:44,485 - DEBUG - on_select triggered
2025-07-11 21:13:44,485 - DEBUG - Selection: (0,)
2025-07-11 21:13:44,485 - DEBUG - Selected loadout name: 500kg, laser dog, airstrike, quasar
2025-07-11 21:13:44,486 - DEBUG - ===== RELOAD AHK FUNCTION CALLED =====
2025-07-11 21:13:44,486 - DEBUG - Current working directory: /mnt/c/Users/coleb/OneDrive/Desktop
2025-07-11 21:13:44,486 - DEBUG - BASE_DIR: /home/coleb/projects/helldivers_strats/data
2025-07-11 21:13:44,486 - DEBUG - Generated Loadout Script Path: /home/coleb/projects/helldivers_strats/data/generated_loadout.ahk
2025-07-11 21:13:44,486 - DEBUG - AHK Executable: /mnt/c/Program Files/AutoHotkey/v1.1.37.02/AutoHotkeyU32.exe
2025-07-11 21:13:44,487 - DEBUG - AHK Executable (Windows path): C:\Program Files\AutoHotkey\v1.1.37.02\AutoHotkeyU32.exe
2025-07-11 21:13:44,487 - DEBUG - Generated Loadout Script Path (Windows): \\wsl$\Ubuntu\home\coleb\projects\helldivers_strats\data\generated_loadout.ahk
2025-07-11 21:13:44,487 - DEBUG - Script file exists: /home/coleb/projects/helldivers_strats/data/generated_loadout.ahk
2025-07-11 21:13:44,489 - DEBUG - AHK executable exists: /mnt/c/Program Files/AutoHotkey/v1.1.37.02/AutoHotkeyU32.exe
2025-07-11 21:13:44,489 - DEBUG - Using direct command execution method
2025-07-11 21:13:44,489 - DEBUG - Executing command: cmd.exe /c start "" "C:\Program Files\AutoHotkey\v1.1.37.02\AutoHotkeyU32.exe" "\\wsl$\Ubuntu\home\coleb\projects\helldivers_strats\data\generated_loadout.ahk"
2025-07-11 21:13:44,490 - DEBUG - Subprocess result: <Popen: returncode: None args: 'cmd.exe /c start "" "C:\\Program Files\\Auto...>
2025-07-11 21:13:46,494 - DEBUG - Process is still running (timeout expired)
2025-07-11 21:13:46,494 - DEBUG - AHK script execution initiated successfully
2025-07-11 21:13:48,533 - DEBUG - Loadout selected: 500kg, laser dog, airstrike, quasar, Loadout details: ['AX/LAS-5 "Guard Dog" Rover', 'Eagle 500kg Bomb', 'Eagle Airstrike', 'LAS-99 Quasar Cannon']
2025-07-11 21:14:24,753 - DEBUG - Loadouts loaded: {'Alpha': ['MG-43 Machine Gun', 'Reinforce', 'E/MG-101 HMG Emplacement', 'Orbital Gatling Barrage'], '500kg, laser dog, airstrike, quasar': ['AX/LAS-5 "Guard Dog" Rover', 'Eagle 500kg Bomb', 'Eagle Airstrike', 'LAS-99 Quasar Cannon']}
2025-07-11 21:14:25,839 - DEBUG - on_select triggered
2025-07-11 21:14:25,839 - DEBUG - Selection: (0,)
2025-07-11 21:14:25,839 - DEBUG - Selected loadout name: 500kg, laser dog, airstrike, quasar
2025-07-11 21:14:25,839 - DEBUG - ===== RELOAD AHK FUNCTION CALLED =====
2025-07-11 21:14:25,840 - DEBUG - Current working directory: /mnt/c/Users/coleb/OneDrive/Desktop
2025-07-11 21:14:25,840 - DEBUG - BASE_DIR: /home/coleb/projects/helldivers_strats/data
2025-07-11 21:14:25,840 - DEBUG - Generated Loadout Script Path: /home/coleb/projects/helldivers_strats/data/generated_loadout.ahk
2025-07-11 21:14:25,840 - DEBUG - AHK Executable: /mnt/c/Program Files/AutoHotkey/v1.1.37.02/AutoHotkeyU32.exe
2025-07-11 21:14:25,840 - DEBUG - AHK Executable (Windows path): C:\Program Files\AutoHotkey\v1.1.37.02\AutoHotkeyU32.exe
2025-07-11 21:14:25,840 - DEBUG - Generated Loadout Script Path (Windows): \\wsl$\Ubuntu\home\coleb\projects\helldivers_strats\data\generated_loadout.ahk
2025-07-11 21:14:25,841 - DEBUG - Script file exists: /home/coleb/projects/helldivers_strats/data/generated_loadout.ahk
2025-07-11 21:14:25,843 - DEBUG - AHK executable exists: /mnt/c/Program Files/AutoHotkey/v1.1.37.02/AutoHotkeyU32.exe
2025-07-11 21:14:25,843 - DEBUG - Using direct command execution method
2025-07-11 21:14:25,843 - DEBUG - Executing command: cmd.exe /c start "" "C:\Program Files\AutoHotkey\v1.1.37.02\AutoHotkeyU32.exe" "\\wsl$\Ubuntu\home\coleb\projects\helldivers_strats\data\generated_loadout.ahk"
2025-07-11 21:14:25,843 - DEBUG - Subprocess result: <Popen: returncode: None args: 'cmd.exe /c start "" "C:\\Program Files\\Auto...>
2025-07-11 21:14:27,850 - DEBUG - Process is still running (timeout expired)
2025-07-11 21:14:27,850 - DEBUG - AHK script execution initiated successfully
2025-07-11 21:14:27,881 - DEBUG - on_select triggered
2025-07-11 21:14:27,881 - DEBUG - Selection: (1,)
2025-07-11 21:14:27,881 - DEBUG - Selected loadout name: Alpha
2025-07-11 21:14:27,881 - DEBUG - ===== RELOAD AHK FUNCTION CALLED =====
2025-07-11 21:14:27,882 - DEBUG - Current working directory: /mnt/c/Users/coleb/OneDrive/Desktop
2025-07-11 21:14:27,882 - DEBUG - BASE_DIR: /home/coleb/projects/helldivers_strats/data
2025-07-11 21:14:27,882 - DEBUG - Generated Loadout Script Path: /home/coleb/projects/helldivers_strats/data/generated_loadout.ahk
2025-07-11 21:14:27,882 - DEBUG - AHK Executable: /mnt/c/Program Files/AutoHotkey/v1.1.37.02/AutoHotkeyU32.exe
2025-07-11 21:14:27,882 - DEBUG - AHK Executable (Windows path): C:\Program Files\AutoHotkey\v1.1.37.02\AutoHotkeyU32.exe
2025-07-11 21:14:27,882 - DEBUG - Generated Loadout Script Path (Windows): \\wsl$\Ubuntu\home\coleb\projects\helldivers_strats\data\generated_loadout.ahk
2025-07-11 21:14:27,883 - DEBUG - Script file exists: /home/coleb/projects/helldivers_strats/data/generated_loadout.ahk
2025-07-11 21:14:27,885 - DEBUG - AHK executable exists: /mnt/c/Program Files/AutoHotkey/v1.1.37.02/AutoHotkeyU32.exe
2025-07-11 21:14:27,885 - DEBUG - Using direct command execution method
2025-07-11 21:14:27,885 - DEBUG - Executing command: cmd.exe /c start "" "C:\Program Files\AutoHotkey\v1.1.37.02\AutoHotkeyU32.exe" "\\wsl$\Ubuntu\home\coleb\projects\helldivers_strats\data\generated_loadout.ahk"
2025-07-11 21:14:27,885 - DEBUG - Subprocess result: <Popen: returncode: None args: 'cmd.exe /c start "" "C:\\Program Files\\Auto...>
2025-07-11 21:14:29,914 - DEBUG - Process is still running (timeout expired)
2025-07-11 21:14:29,914 - DEBUG - AHK script execution initiated successfully
2025-07-11 21:14:30,929 - DEBUG - Loadout selected: Alpha, Loadout details: ['MG-43 Machine Gun', 'Reinforce', 'E/MG-101 HMG Emplacement', 'Orbital Gatling Barrage']
2025-07-11 21:14:30,929 - DEBUG - Loadout selected: 500kg, laser dog, airstrike, quasar, Loadout details: ['AX/LAS-5 "Guard Dog" Rover', 'Eagle 500kg Bomb', 'Eagle Airstrike', 'LAS-99 Quasar Cannon']
2025-07-11 21:16:48,847 - DEBUG - Loadouts loaded: {'Alpha': ['MG-43 Machine Gun', 'Reinforce', 'E/MG-101 HMG Emplacement', 'Orbital Gatling Barrage'], '500kg, laser dog, airstrike, quasar': ['AX/LAS-5 "Guard Dog" Rover', 'Eagle 500kg Bomb', 'Eagle Airstrike', 'LAS-99 Quasar Cannon']}
2025-07-11 21:16:50,706 - DEBUG - on_select triggered
2025-07-11 21:16:50,706 - DEBUG - Selection: (0,)
2025-07-11 21:16:50,706 - DEBUG - Selected loadout name: 500kg, laser dog, airstrike, quasar
2025-07-11 21:16:50,706 - DEBUG - ===== RELOAD AHK FUNCTION CALLED =====
2025-07-11 21:16:50,707 - DEBUG - Current working directory: /mnt/c/Users/coleb/OneDrive/Desktop
2025-07-11 21:16:50,707 - DEBUG - BASE_DIR: /home/coleb/projects/helldivers_strats/data
2025-07-11 21:16:50,707 - DEBUG - Generated Loadout Script Path: /home/coleb/projects/helldivers_strats/data/generated_loadout.ahk
2025-07-11 21:16:50,707 - DEBUG - AHK Executable: /mnt/c/Program Files/AutoHotkey/v1.1.37.02/AutoHotkeyU32.exe
2025-07-11 21:16:50,707 - DEBUG - AHK Executable (Windows path): C:\Program Files\AutoHotkey\v1.1.37.02\AutoHotkeyU32.exe
2025-07-11 21:16:50,708 - DEBUG - Script file exists: /home/coleb/projects/helldivers_strats/data/generated_loadout.ahk
2025-07-11 21:16:50,710 - DEBUG - AHK executable exists: /mnt/c/Program Files/AutoHotkey/v1.1.37.02/AutoHotkeyU32.exe
2025-07-11 21:16:50,712 - DEBUG - Copied script to Windows temp directory: /mnt/c/Windows/Temp/generated_loadout.ahk
2025-07-11 21:16:50,712 - DEBUG - Windows script path: C:\Windows\Temp\generated_loadout.ahk
2025-07-11 21:16:50,713 - DEBUG - Executing command: cmd.exe /c ""C:\Program Files\AutoHotkey\v1.1.37.02\AutoHotkeyU32.exe" "C:\Windows\Temp\generated_loadout.ahk""
2025-07-11 21:16:50,713 - DEBUG - Subprocess result: <Popen: returncode: None args: 'cmd.exe /c ""C:\\Program Files\\AutoHotkey\\...>
2025-07-11 21:16:50,741 - DEBUG - Process stderr: 'C:Program' is not recognized as an internal or external command,
operable program or batch file.

2025-07-11 21:16:50,741 - DEBUG - AHK script execution initiated successfully
2025-07-11 21:16:50,741 - DEBUG - Loadout selected: 500kg, laser dog, airstrike, quasar, Loadout details: ['AX/LAS-5 "Guard Dog" Rover', 'Eagle 500kg Bomb', 'Eagle Airstrike', 'LAS-99 Quasar Cannon']
2025-07-11 21:17:04,091 - DEBUG - on_select triggered
2025-07-11 21:17:04,092 - DEBUG - Selection: (0,)
2025-07-11 21:17:04,092 - DEBUG - Selected loadout name: 500kg, laser dog, airstrike, quasar
2025-07-11 21:17:04,092 - DEBUG - ===== RELOAD AHK FUNCTION CALLED =====
2025-07-11 21:17:04,092 - DEBUG - Current working directory: /mnt/c/Users/coleb/OneDrive/Desktop
2025-07-11 21:17:04,092 - DEBUG - BASE_DIR: /home/coleb/projects/helldivers_strats/data
2025-07-11 21:17:04,093 - DEBUG - Generated Loadout Script Path: /home/coleb/projects/helldivers_strats/data/generated_loadout.ahk
2025-07-11 21:17:04,093 - DEBUG - AHK Executable: /mnt/c/Program Files/AutoHotkey/v1.1.37.02/AutoHotkeyU32.exe
2025-07-11 21:17:04,093 - DEBUG - AHK Executable (Windows path): C:\Program Files\AutoHotkey\v1.1.37.02\AutoHotkeyU32.exe
2025-07-11 21:17:04,093 - DEBUG - Script file exists: /home/coleb/projects/helldivers_strats/data/generated_loadout.ahk
2025-07-11 21:17:04,095 - DEBUG - AHK executable exists: /mnt/c/Program Files/AutoHotkey/v1.1.37.02/AutoHotkeyU32.exe
2025-07-11 21:17:04,098 - DEBUG - Copied script to Windows temp directory: /mnt/c/Windows/Temp/generated_loadout.ahk
2025-07-11 21:17:04,098 - DEBUG - Windows script path: C:\Windows\Temp\generated_loadout.ahk
2025-07-11 21:17:04,098 - DEBUG - Executing command: cmd.exe /c ""C:\Program Files\AutoHotkey\v1.1.37.02\AutoHotkeyU32.exe" "C:\Windows\Temp\generated_loadout.ahk""
2025-07-11 21:17:04,099 - DEBUG - Subprocess result: <Popen: returncode: None args: 'cmd.exe /c ""C:\\Program Files\\AutoHotkey\\...>
2025-07-11 21:17:04,123 - DEBUG - Process stderr: 'C:Program' is not recognized as an internal or external command,
operable program or batch file.

2025-07-11 21:17:04,124 - DEBUG - AHK script execution initiated successfully
2025-07-11 21:17:04,124 - DEBUG - Loadout selected: 500kg, laser dog, airstrike, quasar, Loadout details: ['AX/LAS-5 "Guard Dog" Rover', 'Eagle 500kg Bomb', 'Eagle Airstrike', 'LAS-99 Quasar Cannon']
2025-07-11 21:17:04,903 - DEBUG - on_select triggered
2025-07-11 21:17:04,903 - DEBUG - Selection: (0,)
2025-07-11 21:17:04,903 - DEBUG - Selected loadout name: 500kg, laser dog, airstrike, quasar
2025-07-11 21:17:04,904 - DEBUG - ===== RELOAD AHK FUNCTION CALLED =====
2025-07-11 21:17:04,904 - DEBUG - Current working directory: /mnt/c/Users/coleb/OneDrive/Desktop
2025-07-11 21:17:04,904 - DEBUG - BASE_DIR: /home/coleb/projects/helldivers_strats/data
2025-07-11 21:17:04,904 - DEBUG - Generated Loadout Script Path: /home/coleb/projects/helldivers_strats/data/generated_loadout.ahk
2025-07-11 21:17:04,905 - DEBUG - AHK Executable: /mnt/c/Program Files/AutoHotkey/v1.1.37.02/AutoHotkeyU32.exe
2025-07-11 21:17:04,905 - DEBUG - AHK Executable (Windows path): C:\Program Files\AutoHotkey\v1.1.37.02\AutoHotkeyU32.exe
2025-07-11 21:17:04,905 - DEBUG - Script file exists: /home/coleb/projects/helldivers_strats/data/generated_loadout.ahk
2025-07-11 21:17:04,907 - DEBUG - AHK executable exists: /mnt/c/Program Files/AutoHotkey/v1.1.37.02/AutoHotkeyU32.exe
2025-07-11 21:17:04,910 - DEBUG - Copied script to Windows temp directory: /mnt/c/Windows/Temp/generated_loadout.ahk
2025-07-11 21:17:04,910 - DEBUG - Windows script path: C:\Windows\Temp\generated_loadout.ahk
2025-07-11 21:17:04,910 - DEBUG - Executing command: cmd.exe /c ""C:\Program Files\AutoHotkey\v1.1.37.02\AutoHotkeyU32.exe" "C:\Windows\Temp\generated_loadout.ahk""
2025-07-11 21:17:04,910 - DEBUG - Subprocess result: <Popen: returncode: None args: 'cmd.exe /c ""C:\\Program Files\\AutoHotkey\\...>
2025-07-11 21:17:04,934 - DEBUG - Process stderr: 'C:Program' is not recognized as an internal or external command,
operable program or batch file.

2025-07-11 21:17:04,935 - DEBUG - AHK script execution initiated successfully
2025-07-11 21:17:04,935 - DEBUG - Loadout selected: 500kg, laser dog, airstrike, quasar, Loadout details: ['AX/LAS-5 "Guard Dog" Rover', 'Eagle 500kg Bomb', 'Eagle Airstrike', 'LAS-99 Quasar Cannon']
2025-07-11 21:17:06,028 - DEBUG - on_select triggered
2025-07-11 21:17:06,028 - DEBUG - Selection: (1,)
2025-07-11 21:17:06,029 - DEBUG - Selected loadout name: Alpha
2025-07-11 21:17:06,029 - DEBUG - ===== RELOAD AHK FUNCTION CALLED =====
2025-07-11 21:17:06,029 - DEBUG - Current working directory: /mnt/c/Users/coleb/OneDrive/Desktop
2025-07-11 21:17:06,029 - DEBUG - BASE_DIR: /home/coleb/projects/helldivers_strats/data
2025-07-11 21:17:06,029 - DEBUG - Generated Loadout Script Path: /home/coleb/projects/helldivers_strats/data/generated_loadout.ahk
2025-07-11 21:17:06,030 - DEBUG - AHK Executable: /mnt/c/Program Files/AutoHotkey/v1.1.37.02/AutoHotkeyU32.exe
2025-07-11 21:17:06,030 - DEBUG - AHK Executable (Windows path): C:\Program Files\AutoHotkey\v1.1.37.02\AutoHotkeyU32.exe
2025-07-11 21:17:06,030 - DEBUG - Script file exists: /home/coleb/projects/helldivers_strats/data/generated_loadout.ahk
2025-07-11 21:17:06,032 - DEBUG - AHK executable exists: /mnt/c/Program Files/AutoHotkey/v1.1.37.02/AutoHotkeyU32.exe
2025-07-11 21:17:06,035 - DEBUG - Copied script to Windows temp directory: /mnt/c/Windows/Temp/generated_loadout.ahk
2025-07-11 21:17:06,035 - DEBUG - Windows script path: C:\Windows\Temp\generated_loadout.ahk
2025-07-11 21:17:06,035 - DEBUG - Executing command: cmd.exe /c ""C:\Program Files\AutoHotkey\v1.1.37.02\AutoHotkeyU32.exe" "C:\Windows\Temp\generated_loadout.ahk""
2025-07-11 21:17:06,035 - DEBUG - Subprocess result: <Popen: returncode: None args: 'cmd.exe /c ""C:\\Program Files\\AutoHotkey\\...>
2025-07-11 21:17:06,059 - DEBUG - Process stderr: 'C:Program' is not recognized as an internal or external command,
operable program or batch file.

2025-07-11 21:17:06,059 - DEBUG - AHK script execution initiated successfully
2025-07-11 21:17:06,059 - DEBUG - Loadout selected: Alpha, Loadout details: ['MG-43 Machine Gun', 'Reinforce', 'E/MG-101 HMG Emplacement', 'Orbital Gatling Barrage']
2025-07-11 21:17:18,559 - DEBUG - on_select triggered
2025-07-11 21:17:18,559 - DEBUG - Selection: (0,)
2025-07-11 21:17:18,559 - DEBUG - Selected loadout name: 500kg, laser dog, airstrike, quasar
2025-07-11 21:17:18,559 - DEBUG - ===== RELOAD AHK FUNCTION CALLED =====
2025-07-11 21:17:18,559 - DEBUG - Current working directory: /mnt/c/Users/coleb/OneDrive/Desktop
2025-07-11 21:17:18,560 - DEBUG - BASE_DIR: /home/coleb/projects/helldivers_strats/data
2025-07-11 21:17:18,560 - DEBUG - Generated Loadout Script Path: /home/coleb/projects/helldivers_strats/data/generated_loadout.ahk
2025-07-11 21:17:18,560 - DEBUG - AHK Executable: /mnt/c/Program Files/AutoHotkey/v1.1.37.02/AutoHotkeyU32.exe
2025-07-11 21:17:18,560 - DEBUG - AHK Executable (Windows path): C:\Program Files\AutoHotkey\v1.1.37.02\AutoHotkeyU32.exe
2025-07-11 21:17:18,560 - DEBUG - Script file exists: /home/coleb/projects/helldivers_strats/data/generated_loadout.ahk
2025-07-11 21:17:18,562 - DEBUG - AHK executable exists: /mnt/c/Program Files/AutoHotkey/v1.1.37.02/AutoHotkeyU32.exe
2025-07-11 21:17:18,565 - DEBUG - Copied script to Windows temp directory: /mnt/c/Windows/Temp/generated_loadout.ahk
2025-07-11 21:17:18,565 - DEBUG - Windows script path: C:\Windows\Temp\generated_loadout.ahk
2025-07-11 21:17:18,565 - DEBUG - Executing command: cmd.exe /c ""C:\Program Files\AutoHotkey\v1.1.37.02\AutoHotkeyU32.exe" "C:\Windows\Temp\generated_loadout.ahk""
2025-07-11 21:17:18,566 - DEBUG - Subprocess result: <Popen: returncode: None args: 'cmd.exe /c ""C:\\Program Files\\AutoHotkey\\...>
2025-07-11 21:17:18,591 - DEBUG - Process stderr: 'C:Program' is not recognized as an internal or external command,
operable program or batch file.

2025-07-11 21:17:18,591 - DEBUG - AHK script execution initiated successfully
2025-07-11 21:17:18,591 - DEBUG - Loadout selected: 500kg, laser dog, airstrike, quasar, Loadout details: ['AX/LAS-5 "Guard Dog" Rover', 'Eagle 500kg Bomb', 'Eagle Airstrike', 'LAS-99 Quasar Cannon']
2025-07-11 21:18:44,897 - DEBUG - Loadouts loaded: {'Alpha': ['MG-43 Machine Gun', 'Reinforce', 'E/MG-101 HMG Emplacement', 'Orbital Gatling Barrage'], '500kg, laser dog, airstrike, quasar': ['AX/LAS-5 "Guard Dog" Rover', 'Eagle 500kg Bomb', 'Eagle Airstrike', 'LAS-99 Quasar Cannon']}
2025-07-11 21:18:46,617 - DEBUG - on_select triggered
2025-07-11 21:18:46,617 - DEBUG - Selection: (0,)
2025-07-11 21:18:46,617 - DEBUG - Selected loadout name: 500kg, laser dog, airstrike, quasar
2025-07-11 21:18:46,618 - DEBUG - ===== RELOAD AHK FUNCTION CALLED =====
2025-07-11 21:18:46,618 - DEBUG - Current working directory: /mnt/c/Users/coleb/OneDrive/Desktop
2025-07-11 21:18:46,618 - DEBUG - BASE_DIR: /home/coleb/projects/helldivers_strats/data
2025-07-11 21:18:46,618 - DEBUG - Generated Loadout Script Path: /home/coleb/projects/helldivers_strats/data/generated_loadout.ahk
2025-07-11 21:18:46,618 - DEBUG - AHK Executable: /mnt/c/Program Files/AutoHotkey/v1.1.37.02/AutoHotkeyU32.exe
2025-07-11 21:18:46,619 - DEBUG - AHK Executable (Windows path): C:\Program Files\AutoHotkey\v1.1.37.02\AutoHotkeyU32.exe
2025-07-11 21:18:46,619 - DEBUG - Script file exists: /home/coleb/projects/helldivers_strats/data/generated_loadout.ahk
2025-07-11 21:18:46,621 - DEBUG - AHK executable exists: /mnt/c/Program Files/AutoHotkey/v1.1.37.02/AutoHotkeyU32.exe
2025-07-11 21:18:46,623 - DEBUG - Copied script to Windows temp directory: /mnt/c/Windows/Temp/generated_loadout.ahk
2025-07-11 21:18:46,626 - DEBUG - Created VBS launcher: /mnt/c/Windows/Temp/launch_ahk.vbs
2025-07-11 21:18:46,626 - DEBUG - VBS content: 
Set WshShell = CreateObject("WScript.Shell")
WshShell.Run """C:\Program Files\AutoHotkey\v1.1.37.02\AutoHotkeyU32.exe"" ""C:\Windows\Temp\generated_loadout.ahk""", 0, False

2025-07-11 21:18:46,626 - DEBUG - Executing command: cmd.exe /c "cscript //Nologo C:\Windows\Temp\launch_ahk.vbs"
2025-07-11 21:18:46,627 - DEBUG - Subprocess result: <Popen: returncode: None args: 'cmd.exe /c "cscript //Nologo C:\\Windows\\Te...>
2025-07-11 21:18:46,745 - DEBUG - AHK script execution initiated successfully
2025-07-11 21:18:46,745 - DEBUG - Loadout selected: 500kg, laser dog, airstrike, quasar, Loadout details: ['AX/LAS-5 "Guard Dog" Rover', 'Eagle 500kg Bomb', 'Eagle Airstrike', 'LAS-99 Quasar Cannon']
2025-07-11 21:20:28,380 - DEBUG - Loadouts loaded: {'Alpha': ['MG-43 Machine Gun', 'Reinforce', 'E/MG-101 HMG Emplacement', 'Orbital Gatling Barrage'], '500kg, laser dog, airstrike, quasar': ['AX/LAS-5 "Guard Dog" Rover', 'Eagle 500kg Bomb', 'Eagle Airstrike', 'LAS-99 Quasar Cannon']}
2025-07-11 21:20:29,381 - DEBUG - on_select triggered
2025-07-11 21:20:29,381 - DEBUG - Selection: (0,)
2025-07-11 21:20:29,381 - DEBUG - Selected loadout name: 500kg, laser dog, airstrike, quasar
2025-07-11 21:20:29,382 - DEBUG - ===== RELOAD AHK FUNCTION CALLED =====
2025-07-11 21:20:29,382 - DEBUG - Current working directory: /mnt/c/Users/coleb/OneDrive/Desktop
2025-07-11 21:20:29,382 - DEBUG - BASE_DIR: /home/coleb/projects/helldivers_strats/data
2025-07-11 21:20:29,382 - DEBUG - Generated Loadout Script Path: /home/coleb/projects/helldivers_strats/data/generated_loadout.ahk
2025-07-11 21:20:29,382 - DEBUG - AHK Executable: /mnt/c/Program Files/AutoHotkey/v1.1.37.02/AutoHotkeyU32.exe
2025-07-11 21:20:29,383 - DEBUG - AHK Executable (Windows path): C:\Program Files\AutoHotkey\v1.1.37.02\AutoHotkeyU32.exe
2025-07-11 21:20:29,383 - DEBUG - Script file exists: /home/coleb/projects/helldivers_strats/data/generated_loadout.ahk
2025-07-11 21:20:29,385 - DEBUG - AHK executable exists: /mnt/c/Program Files/AutoHotkey/v1.1.37.02/AutoHotkeyU32.exe
2025-07-11 21:20:29,387 - DEBUG - Copied script to Windows temp directory: /mnt/c/Windows/Temp/generated_loadout.ahk
2025-07-11 21:20:29,387 - DEBUG - Basic strats script found: /home/coleb/projects/helldivers_strats/data/basic_strats.ahk
2025-07-11 21:20:29,390 - DEBUG - Copied basic_strats script to Windows temp: /mnt/c/Windows/Temp/basic_strats.ahk
2025-07-11 21:20:29,393 - DEBUG - Created VBS launcher: /mnt/c/Windows/Temp/launch_ahk.vbs
2025-07-11 21:20:29,393 - DEBUG - VBS content: 
Set WshShell = CreateObject("WScript.Shell")
' Launch the generated loadout script
WshShell.Run """C:\Program Files\AutoHotkey\v1.1.37.02\AutoHotkeyU32.exe"" ""C:\Windows\Temp\generated_loadout.ahk""", 0, False
' Also launch the basic_strats script
WshShell.Run """C:\Program Files\AutoHotkey\v1.1.37.02\AutoHotkeyU32.exe"" ""C:\Windows\Temp\basic_strats.ahk""", 0, False

2025-07-11 21:20:29,393 - DEBUG - Executing command: cmd.exe /c "cscript //Nologo C:\Windows\Temp\launch_ahk.vbs"
2025-07-11 21:20:29,394 - DEBUG - Subprocess result: <Popen: returncode: None args: 'cmd.exe /c "cscript //Nologo C:\\Windows\\Te...>
2025-07-11 21:20:29,502 - DEBUG - AHK script execution initiated successfully
2025-07-11 21:20:29,502 - DEBUG - Loadout selected: 500kg, laser dog, airstrike, quasar, Loadout details: ['AX/LAS-5 "Guard Dog" Rover', 'Eagle 500kg Bomb', 'Eagle Airstrike', 'LAS-99 Quasar Cannon']
2025-07-11 21:22:14,759 - DEBUG - Loadouts loaded: {'Alpha': ['MG-43 Machine Gun', 'Reinforce', 'E/MG-101 HMG Emplacement', 'Orbital Gatling Barrage'], '500kg, laser dog, airstrike, quasar': ['AX/LAS-5 "Guard Dog" Rover', 'Eagle 500kg Bomb', 'Eagle Airstrike', 'LAS-99 Quasar Cannon']}
2025-07-11 21:22:16,084 - DEBUG - on_select triggered
2025-07-11 21:22:16,084 - DEBUG - Selection: (0,)
2025-07-11 21:22:16,084 - DEBUG - Selected loadout name: 500kg, laser dog, airstrike, quasar
2025-07-11 21:22:16,085 - DEBUG - ===== RELOAD AHK FUNCTION CALLED =====
2025-07-11 21:22:16,085 - DEBUG - Current working directory: /mnt/c/Users/coleb/OneDrive/Desktop
2025-07-11 21:22:16,085 - DEBUG - BASE_DIR: /home/coleb/projects/helldivers_strats/data
2025-07-11 21:22:16,085 - DEBUG - Generated Loadout Script Path: /home/coleb/projects/helldivers_strats/data/generated_loadout.ahk
2025-07-11 21:22:16,085 - DEBUG - AHK Executable: /mnt/c/Program Files/AutoHotkey/v1.1.37.02/AutoHotkeyU32.exe
2025-07-11 21:22:16,085 - DEBUG - AHK Executable (Windows path): C:\Program Files\AutoHotkey\v1.1.37.02\AutoHotkeyU32.exe
2025-07-11 21:22:16,086 - DEBUG - Script file exists: /home/coleb/projects/helldivers_strats/data/generated_loadout.ahk
2025-07-11 21:22:16,088 - DEBUG - AHK executable exists: /mnt/c/Program Files/AutoHotkey/v1.1.37.02/AutoHotkeyU32.exe
2025-07-11 21:22:16,090 - DEBUG - Copied script to Windows temp directory: /mnt/c/Windows/Temp/generated_loadout.ahk
2025-07-11 21:22:16,090 - DEBUG - Basic strats script found: /home/coleb/projects/helldivers_strats/data/basic_strats.ahk
2025-07-11 21:22:16,094 - DEBUG - Copied basic_strats script to Windows temp: /mnt/c/Windows/Temp/basic_strats.ahk
2025-07-11 21:22:16,097 - DEBUG - Created VBS launcher: /mnt/c/Windows/Temp/launch_ahk.vbs
2025-07-11 21:22:16,097 - DEBUG - VBS content: 
Set WshShell = CreateObject("WScript.Shell")
' Launch the generated loadout script
WshShell.Run """C:\Program Files\AutoHotkey\v1.1.37.02\AutoHotkeyU32.exe"" ""C:\Windows\Temp\generated_loadout.ahk""", 0, False
' Also launch the basic_strats script
WshShell.Run """C:\Program Files\AutoHotkey\v1.1.37.02\AutoHotkeyU32.exe"" ""C:\Windows\Temp\basic_strats.ahk""", 0, False

2025-07-11 21:22:16,097 - DEBUG - Executing command: cmd.exe /c "cscript //Nologo C:\Windows\Temp\launch_ahk.vbs"
2025-07-11 21:22:16,098 - DEBUG - Subprocess result: <Popen: returncode: None args: 'cmd.exe /c "cscript //Nologo C:\\Windows\\Te...>
2025-07-11 21:22:16,199 - DEBUG - AHK script execution initiated successfully
2025-07-11 21:22:16,199 - DEBUG - Loadout selected: 500kg, laser dog, airstrike, quasar, Loadout details: ['AX/LAS-5 "Guard Dog" Rover', 'Eagle 500kg Bomb', 'Eagle Airstrike', 'LAS-99 Quasar Cannon']
2025-07-11 21:40:24,767 - DEBUG - Loadouts loaded: {'Alpha': ['MG-43 Machine Gun', 'Reinforce', 'E/MG-101 HMG Emplacement', 'Orbital Gatling Barrage'], '500kg, laser dog, airstrike, quasar': ['AX/LAS-5 "Guard Dog" Rover', 'Eagle 500kg Bomb', 'Eagle Airstrike', 'LAS-99 Quasar Cannon']}
2025-07-11 21:40:25,858 - DEBUG - on_select triggered
2025-07-11 21:40:25,859 - DEBUG - Selection: (0,)
2025-07-11 21:40:25,859 - DEBUG - Selected loadout name: 500kg, laser dog, airstrike, quasar
2025-07-11 21:40:25,859 - DEBUG - ===== RELOAD AHK FUNCTION CALLED =====
2025-07-11 21:40:25,860 - DEBUG - Current working directory: /mnt/c/Users/coleb/OneDrive/Desktop
2025-07-11 21:40:25,860 - DEBUG - BASE_DIR: /home/coleb/projects/helldivers_strats/data
2025-07-11 21:40:25,860 - DEBUG - Generated Loadout Script Path: /home/coleb/projects/helldivers_strats/data/generated_loadout.ahk
2025-07-11 21:40:25,860 - DEBUG - AHK Executable: /mnt/c/Program Files/AutoHotkey/v1.1.37.02/AutoHotkeyU32.exe
2025-07-11 21:40:25,860 - DEBUG - AHK Executable (Windows path): C:\Program Files\AutoHotkey\v1.1.37.02\AutoHotkeyU32.exe
2025-07-11 21:40:25,861 - DEBUG - Script file exists: /home/coleb/projects/helldivers_strats/data/generated_loadout.ahk
2025-07-11 21:40:25,863 - DEBUG - AHK executable exists: /mnt/c/Program Files/AutoHotkey/v1.1.37.02/AutoHotkeyU32.exe
2025-07-11 21:40:25,866 - DEBUG - Copied script to Windows temp directory: /mnt/c/Windows/Temp/generated_loadout.ahk
2025-07-11 21:40:25,866 - DEBUG - Basic strats script found: /home/coleb/projects/helldivers_strats/data/basic_strats.ahk
2025-07-11 21:40:25,870 - DEBUG - Copied basic_strats script to Windows temp: /mnt/c/Windows/Temp/basic_strats.ahk
2025-07-11 21:40:25,873 - DEBUG - Created VBS launcher: /mnt/c/Windows/Temp/launch_ahk.vbs
2025-07-11 21:40:25,873 - DEBUG - VBS content: 
Set WshShell = CreateObject("WScript.Shell")
' Launch the generated loadout script
WshShell.Run """C:\Program Files\AutoHotkey\v1.1.37.02\AutoHotkeyU32.exe"" ""C:\Windows\Temp\generated_loadout.ahk""", 0, False
' Also launch the basic_strats script
WshShell.Run """C:\Program Files\AutoHotkey\v1.1.37.02\AutoHotkeyU32.exe"" ""C:\Windows\Temp\basic_strats.ahk""", 0, False

2025-07-11 21:40:25,873 - DEBUG - Executing command: cmd.exe /c "cscript //Nologo C:\Windows\Temp\launch_ahk.vbs"
2025-07-11 21:40:25,874 - DEBUG - Subprocess result: <Popen: returncode: None args: 'cmd.exe /c "cscript //Nologo C:\\Windows\\Te...>
2025-07-11 21:40:26,054 - DEBUG - AHK script execution initiated successfully
2025-07-11 21:40:26,055 - DEBUG - Loadout selected: 500kg, laser dog, airstrike, quasar, Loadout details: ['AX/LAS-5 "Guard Dog" Rover', 'Eagle 500kg Bomb', 'Eagle Airstrike', 'LAS-99 Quasar Cannon']
2025-07-11 21:57:39,461 - DEBUG - Loadouts loaded: {'Alpha': ['MG-43 Machine Gun', 'Reinforce', 'E/MG-101 HMG Emplacement', 'Orbital Gatling Barrage'], '500kg, laser dog, airstrike, quasar': ['AX/LAS-5 "Guard Dog" Rover', 'Eagle 500kg Bomb', 'Eagle Airstrike', 'LAS-99 Quasar Cannon']}
2025-07-11 21:57:41,152 - DEBUG - on_select triggered
2025-07-11 21:57:41,152 - DEBUG - Selection: (0,)
2025-07-11 21:57:41,152 - DEBUG - Selected loadout name: 500kg, laser dog, airstrike, quasar
2025-07-11 21:57:41,152 - DEBUG - ===== RELOAD AHK FUNCTION CALLED =====
2025-07-11 21:57:41,152 - DEBUG - Current working directory: /mnt/c/Users/coleb/OneDrive/Desktop
2025-07-11 21:57:41,153 - DEBUG - BASE_DIR: /home/coleb/projects/helldivers_strats/data
2025-07-11 21:57:41,153 - DEBUG - Generated Loadout Script Path: /home/coleb/projects/helldivers_strats/data/generated_loadout.ahk
2025-07-11 21:57:41,153 - DEBUG - AHK Executable: /mnt/c/Program Files/AutoHotkey/v1.1.37.02/AutoHotkeyU32.exe
2025-07-11 21:57:41,153 - DEBUG - AHK Executable (Windows path): C:\Program Files\AutoHotkey\v1.1.37.02\AutoHotkeyU32.exe
2025-07-11 21:57:41,153 - DEBUG - Script file exists: /home/coleb/projects/helldivers_strats/data/generated_loadout.ahk
2025-07-11 21:57:41,156 - DEBUG - AHK executable exists: /mnt/c/Program Files/AutoHotkey/v1.1.37.02/AutoHotkeyU32.exe
2025-07-11 21:57:41,166 - DEBUG - Copied script to Windows temp directory: /mnt/c/Windows/Temp/generated_loadout.ahk
2025-07-11 21:57:41,166 - DEBUG - Basic strats script found: /home/coleb/projects/helldivers_strats/data/basic_strats.ahk
2025-07-11 21:57:41,169 - DEBUG - Copied basic_strats script to Windows temp: /mnt/c/Windows/Temp/basic_strats.ahk
2025-07-11 21:57:41,172 - DEBUG - Created VBS launcher: /mnt/c/Windows/Temp/launch_ahk.vbs
2025-07-11 21:57:41,172 - DEBUG - VBS content: 
Set WshShell = CreateObject("WScript.Shell")
' Launch the generated loadout script
WshShell.Run """C:\Program Files\AutoHotkey\v1.1.37.02\AutoHotkeyU32.exe"" ""C:\Windows\Temp\generated_loadout.ahk""", 0, False
' Also launch the basic_strats script
WshShell.Run """C:\Program Files\AutoHotkey\v1.1.37.02\AutoHotkeyU32.exe"" ""C:\Windows\Temp\basic_strats.ahk""", 0, False

2025-07-11 21:57:41,172 - DEBUG - Executing command: cmd.exe /c "cscript //Nologo C:\Windows\Temp\launch_ahk.vbs"
2025-07-11 21:57:41,173 - DEBUG - Subprocess result: <Popen: returncode: None args: 'cmd.exe /c "cscript //Nologo C:\\Windows\\Te...>
2025-07-11 21:57:41,312 - DEBUG - AHK script execution initiated successfully
2025-07-11 21:57:41,312 - DEBUG - Loadout selected: 500kg, laser dog, airstrike, quasar, Loadout details: ['AX/LAS-5 "Guard Dog" Rover', 'Eagle 500kg Bomb', 'Eagle Airstrike', 'LAS-99 Quasar Cannon']
2025-07-11 21:58:33,288 - DEBUG - Loadouts loaded: {'Alpha': ['MG-43 Machine Gun', 'Reinforce', 'E/MG-101 HMG Emplacement', 'Orbital Gatling Barrage'], '500kg, laser dog, airstrike, quasar': ['AX/LAS-5 "Guard Dog" Rover', 'Eagle 500kg Bomb', 'Eagle Airstrike', 'LAS-99 Quasar Cannon']}
2025-07-11 21:58:34,643 - DEBUG - on_select triggered
2025-07-11 21:58:34,643 - DEBUG - Selection: (0,)
2025-07-11 21:58:34,643 - DEBUG - Selected loadout name: 500kg, laser dog, airstrike, quasar
2025-07-11 21:58:34,644 - DEBUG - ===== RELOAD AHK FUNCTION CALLED =====
2025-07-11 21:58:34,644 - DEBUG - Current working directory: /mnt/c/Users/coleb/OneDrive/Desktop
2025-07-11 21:58:34,644 - DEBUG - BASE_DIR: /home/coleb/projects/helldivers_strats/data
2025-07-11 21:58:34,644 - DEBUG - Generated Loadout Script Path: /home/coleb/projects/helldivers_strats/data/generated_loadout.ahk
2025-07-11 21:58:34,645 - DEBUG - AHK Executable: /mnt/c/Program Files/AutoHotkey/v1.1.37.02/AutoHotkeyU32.exe
2025-07-11 21:58:34,645 - DEBUG - AHK Executable (Windows path): C:\Program Files\AutoHotkey\v1.1.37.02\AutoHotkeyU32.exe
2025-07-11 21:58:34,645 - DEBUG - Script file exists: /home/coleb/projects/helldivers_strats/data/generated_loadout.ahk
2025-07-11 21:58:34,647 - DEBUG - AHK executable exists: /mnt/c/Program Files/AutoHotkey/v1.1.37.02/AutoHotkeyU32.exe
2025-07-11 21:58:34,650 - DEBUG - Copied script to Windows temp directory: /mnt/c/Windows/Temp/generated_loadout.ahk
2025-07-11 21:58:34,650 - DEBUG - Basic strats script found: /home/coleb/projects/helldivers_strats/data/basic_strats.ahk
2025-07-11 21:58:34,654 - DEBUG - Copied basic_strats script to Windows temp: /mnt/c/Windows/Temp/basic_strats.ahk
2025-07-11 21:58:34,657 - DEBUG - Created VBS launcher: /mnt/c/Windows/Temp/launch_ahk.vbs
2025-07-11 21:58:34,658 - DEBUG - VBS content: 
Set WshShell = CreateObject("WScript.Shell")
' Launch the generated loadout script
WshShell.Run """C:\Program Files\AutoHotkey\v1.1.37.02\AutoHotkeyU32.exe"" ""C:\Windows\Temp\generated_loadout.ahk""", 0, False
' Also launch the basic_strats script
WshShell.Run """C:\Program Files\AutoHotkey\v1.1.37.02\AutoHotkeyU32.exe"" ""C:\Windows\Temp\basic_strats.ahk""", 0, False

2025-07-11 21:58:34,658 - DEBUG - Executing command: cmd.exe /c "cscript //Nologo C:\Windows\Temp\launch_ahk.vbs"
2025-07-11 21:58:34,659 - DEBUG - Subprocess result: <Popen: returncode: None args: 'cmd.exe /c "cscript //Nologo C:\\Windows\\Te...>
2025-07-11 21:58:34,780 - DEBUG - AHK script execution initiated successfully
2025-07-11 21:58:34,780 - DEBUG - Loadout selected: 500kg, laser dog, airstrike, quasar, Loadout details: ['AX/LAS-5 "Guard Dog" Rover', 'Eagle 500kg Bomb', 'Eagle Airstrike', 'LAS-99 Quasar Cannon']
2025-07-11 21:59:38,232 - DEBUG - Loadouts loaded: {'Alpha': ['MG-43 Machine Gun', 'Reinforce', 'E/MG-101 HMG Emplacement', 'Orbital Gatling Barrage'], '500kg, laser dog, airstrike, quasar': ['AX/LAS-5 "Guard Dog" Rover', 'Eagle 500kg Bomb', 'Eagle Airstrike', 'LAS-99 Quasar Cannon']}
2025-07-11 21:59:38,397 - DEBUG - on_select triggered
2025-07-11 21:59:38,397 - DEBUG - Selection: (0,)
2025-07-11 21:59:38,398 - DEBUG - Selected loadout name: 500kg, laser dog, airstrike, quasar
2025-07-11 21:59:38,398 - DEBUG - ===== RELOAD AHK FUNCTION CALLED =====
2025-07-11 21:59:38,398 - DEBUG - Current working directory: /mnt/c/Users/coleb/OneDrive/Desktop
2025-07-11 21:59:38,398 - DEBUG - BASE_DIR: /home/coleb/projects/helldivers_strats/data
2025-07-11 21:59:38,399 - DEBUG - Generated Loadout Script Path: /home/coleb/projects/helldivers_strats/data/generated_loadout.ahk
2025-07-11 21:59:38,399 - DEBUG - AHK Executable: /mnt/c/Program Files/AutoHotkey/v1.1.37.02/AutoHotkeyU32.exe
2025-07-11 21:59:38,399 - DEBUG - AHK Executable (Windows path): C:\Program Files\AutoHotkey\v1.1.37.02\AutoHotkeyU32.exe
2025-07-11 21:59:38,399 - DEBUG - Script file exists: /home/coleb/projects/helldivers_strats/data/generated_loadout.ahk
2025-07-11 21:59:38,401 - DEBUG - AHK executable exists: /mnt/c/Program Files/AutoHotkey/v1.1.37.02/AutoHotkeyU32.exe
2025-07-11 21:59:38,404 - DEBUG - Copied script to Windows temp directory: /mnt/c/Windows/Temp/generated_loadout.ahk
2025-07-11 21:59:38,404 - DEBUG - Basic strats script found: /home/coleb/projects/helldivers_strats/data/basic_strats.ahk
2025-07-11 21:59:38,407 - DEBUG - Copied basic_strats script to Windows temp: /mnt/c/Windows/Temp/basic_strats.ahk
2025-07-11 21:59:38,410 - DEBUG - Created VBS launcher: /mnt/c/Windows/Temp/launch_ahk.vbs
2025-07-11 21:59:38,410 - DEBUG - VBS content: 
Set WshShell = CreateObject("WScript.Shell")
' Launch the generated loadout script
WshShell.Run """C:\Program Files\AutoHotkey\v1.1.37.02\AutoHotkeyU32.exe"" ""C:\Windows\Temp\generated_loadout.ahk""", 0, False
' Also launch the basic_strats script
WshShell.Run """C:\Program Files\AutoHotkey\v1.1.37.02\AutoHotkeyU32.exe"" ""C:\Windows\Temp\basic_strats.ahk""", 0, False

2025-07-11 21:59:38,410 - DEBUG - Executing command: cmd.exe /c "cscript //Nologo C:\Windows\Temp\launch_ahk.vbs"
2025-07-11 21:59:38,411 - DEBUG - Subprocess result: <Popen: returncode: None args: 'cmd.exe /c "cscript //Nologo C:\\Windows\\Te...>
2025-07-11 21:59:38,526 - DEBUG - AHK script execution initiated successfully
2025-07-11 21:59:38,526 - DEBUG - Loadout selected: 500kg, laser dog, airstrike, quasar, Loadout details: ['AX/LAS-5 "Guard Dog" Rover', 'Eagle 500kg Bomb', 'Eagle Airstrike', 'LAS-99 Quasar Cannon']
2025-07-11 22:17:44,062 - DEBUG - Loadouts loaded: {'Alpha': ['MG-43 Machine Gun', 'Reinforce', 'E/MG-101 HMG Emplacement', 'Orbital Gatling Barrage'], '500kg, laser dog, airstrike, quasar': ['AX/LAS-5 "Guard Dog" Rover', 'Eagle 500kg Bomb', 'Eagle Airstrike', 'LAS-99 Quasar Cannon']}
2025-07-11 22:17:46,573 - DEBUG - on_select triggered
2025-07-11 22:17:46,573 - DEBUG - Selection: (0,)
2025-07-11 22:17:46,573 - DEBUG - Selected loadout name: 500kg, laser dog, airstrike, quasar
2025-07-11 22:17:46,574 - DEBUG - ===== RELOAD AHK FUNCTION CALLED =====
2025-07-11 22:17:46,574 - DEBUG - Current working directory: /mnt/c/Users/coleb/OneDrive/Desktop
2025-07-11 22:17:46,574 - DEBUG - BASE_DIR: /home/coleb/projects/helldivers_strats/data
2025-07-11 22:17:46,574 - DEBUG - Generated Loadout Script Path: /home/coleb/projects/helldivers_strats/data/generated_loadout.ahk
2025-07-11 22:17:46,574 - DEBUG - AHK Executable: /mnt/c/Program Files/AutoHotkey/v1.1.37.02/AutoHotkeyU32.exe
2025-07-11 22:17:46,575 - DEBUG - AHK Executable (Windows path): C:\Program Files\AutoHotkey\v1.1.37.02\AutoHotkeyU32.exe
2025-07-11 22:17:46,575 - DEBUG - Script file exists: /home/coleb/projects/helldivers_strats/data/generated_loadout.ahk
2025-07-11 22:17:46,577 - DEBUG - AHK executable exists: /mnt/c/Program Files/AutoHotkey/v1.1.37.02/AutoHotkeyU32.exe
2025-07-11 22:17:46,586 - DEBUG - Copied script to Windows temp directory: /mnt/c/Windows/Temp/generated_loadout.ahk
2025-07-11 22:17:46,586 - DEBUG - Basic strats script found: /home/coleb/projects/helldivers_strats/data/basic_strats.ahk
2025-07-11 22:17:46,589 - DEBUG - Copied basic_strats script to Windows temp: /mnt/c/Windows/Temp/basic_strats.ahk
2025-07-11 22:17:46,591 - DEBUG - Created VBS launcher: /mnt/c/Windows/Temp/launch_ahk.vbs
2025-07-11 22:17:46,592 - DEBUG - VBS content: 
Set WshShell = CreateObject("WScript.Shell")
' Launch the generated loadout script
WshShell.Run """C:\Program Files\AutoHotkey\v1.1.37.02\AutoHotkeyU32.exe"" ""C:\Windows\Temp\generated_loadout.ahk""", 0, False
' Also launch the basic_strats script
WshShell.Run """C:\Program Files\AutoHotkey\v1.1.37.02\AutoHotkeyU32.exe"" ""C:\Windows\Temp\basic_strats.ahk""", 0, False

2025-07-11 22:17:46,592 - DEBUG - Executing command: cmd.exe /c "cscript //Nologo C:\Windows\Temp\launch_ahk.vbs"
2025-07-11 22:17:46,592 - DEBUG - Subprocess result: <Popen: returncode: None args: 'cmd.exe /c "cscript //Nologo C:\\Windows\\Te...>
2025-07-11 22:17:46,721 - DEBUG - AHK script execution initiated successfully
2025-07-11 22:17:46,722 - DEBUG - Loadout selected: 500kg, laser dog, airstrike, quasar, Loadout details: ['AX/LAS-5 "Guard Dog" Rover', 'Eagle 500kg Bomb', 'Eagle Airstrike', 'LAS-99 Quasar Cannon']
2025-07-11 22:31:08,935 - DEBUG - Loadouts loaded: {'Alpha': ['MG-43 Machine Gun', 'Reinforce', 'E/MG-101 HMG Emplacement', 'Orbital Gatling Barrage'], '500kg, laser dog, airstrike, quasar': ['AX/LAS-5 "Guard Dog" Rover', 'Eagle 500kg Bomb', 'Eagle Airstrike', 'LAS-99 Quasar Cannon']}
2025-07-11 22:31:09,921 - DEBUG - on_select triggered
2025-07-11 22:31:09,921 - DEBUG - Selection: (0,)
2025-07-11 22:31:09,921 - DEBUG - Selected loadout name: 500kg, laser dog, airstrike, quasar
2025-07-11 22:31:09,922 - DEBUG - ===== RELOAD AHK FUNCTION CALLED =====
2025-07-11 22:31:09,922 - DEBUG - Current working directory: /mnt/c/Users/coleb/OneDrive/Desktop
2025-07-11 22:31:09,922 - DEBUG - BASE_DIR: /home/coleb/projects/helldivers_strats/data
2025-07-11 22:31:09,922 - DEBUG - Generated Loadout Script Path: /home/coleb/projects/helldivers_strats/data/generated_loadout.ahk
2025-07-11 22:31:09,922 - DEBUG - AHK Executable: /mnt/c/Program Files/AutoHotkey/v1.1.37.02/AutoHotkeyU32.exe
2025-07-11 22:31:09,923 - DEBUG - AHK Executable (Windows path): C:\Program Files\AutoHotkey\v1.1.37.02\AutoHotkeyU32.exe
2025-07-11 22:31:09,923 - DEBUG - Script file exists: /home/coleb/projects/helldivers_strats/data/generated_loadout.ahk
2025-07-11 22:31:09,925 - DEBUG - AHK executable exists: /mnt/c/Program Files/AutoHotkey/v1.1.37.02/AutoHotkeyU32.exe
2025-07-11 22:31:09,927 - DEBUG - Copied script to Windows temp directory: /mnt/c/Windows/Temp/generated_loadout.ahk
2025-07-11 22:31:09,928 - DEBUG - Basic strats script found: /home/coleb/projects/helldivers_strats/data/basic_strats.ahk
2025-07-11 22:31:09,930 - DEBUG - Copied basic_strats script to Windows temp: /mnt/c/Windows/Temp/basic_strats.ahk
2025-07-11 22:31:09,933 - DEBUG - Created VBS launcher: /mnt/c/Windows/Temp/launch_ahk.vbs
2025-07-11 22:31:09,933 - DEBUG - VBS content: 
Set WshShell = CreateObject("WScript.Shell")
' Launch the generated loadout script
WshShell.Run """C:\Program Files\AutoHotkey\v1.1.37.02\AutoHotkeyU32.exe"" ""C:\Windows\Temp\generated_loadout.ahk""", 0, False
' Also launch the basic_strats script
WshShell.Run """C:\Program Files\AutoHotkey\v1.1.37.02\AutoHotkeyU32.exe"" ""C:\Windows\Temp\basic_strats.ahk""", 0, False

2025-07-11 22:31:09,934 - DEBUG - Executing command: cmd.exe /c "cscript //Nologo C:\Windows\Temp\launch_ahk.vbs"
2025-07-11 22:31:09,934 - DEBUG - Subprocess result: <Popen: returncode: None args: 'cmd.exe /c "cscript //Nologo C:\\Windows\\Te...>
2025-07-11 22:31:10,057 - DEBUG - AHK script execution initiated successfully
2025-07-11 22:31:10,058 - DEBUG - Loadout selected: 500kg, laser dog, airstrike, quasar, Loadout details: ['AX/LAS-5 "Guard Dog" Rover', 'Eagle 500kg Bomb', 'Eagle Airstrike', 'LAS-99 Quasar Cannon']
2025-07-11 22:47:46,880 - DEBUG - Loadouts loaded: {'Alpha': ['MG-43 Machine Gun', 'Reinforce', 'E/MG-101 HMG Emplacement', 'Orbital Gatling Barrage'], '500kg, laser dog, airstrike, quasar': ['AX/LAS-5 "Guard Dog" Rover', 'Eagle 500kg Bomb', 'Eagle Airstrike', 'LAS-99 Quasar Cannon']}
2025-07-11 22:47:53,587 - DEBUG - on_select triggered
2025-07-11 22:47:53,587 - DEBUG - Selection: (0,)
2025-07-11 22:47:53,587 - DEBUG - Selected loadout name: 500kg, laser dog, airstrike, quasar
2025-07-11 22:47:53,588 - DEBUG - ===== RELOAD AHK FUNCTION CALLED =====
2025-07-11 22:47:53,588 - DEBUG - Current working directory: /mnt/c/Users/coleb/OneDrive/Desktop
2025-07-11 22:47:53,588 - DEBUG - BASE_DIR: /home/coleb/projects/helldivers_strats/data
2025-07-11 22:47:53,588 - DEBUG - Generated Loadout Script Path: /home/coleb/projects/helldivers_strats/data/generated_loadout.ahk
2025-07-11 22:47:53,589 - DEBUG - AHK Executable: /mnt/c/Program Files/AutoHotkey/v1.1.37.02/AutoHotkeyU32.exe
2025-07-11 22:47:53,589 - DEBUG - AHK Executable (Windows path): C:\Program Files\AutoHotkey\v1.1.37.02\AutoHotkeyU32.exe
2025-07-11 22:47:53,589 - DEBUG - Script file exists: /home/coleb/projects/helldivers_strats/data/generated_loadout.ahk
2025-07-11 22:47:53,591 - DEBUG - AHK executable exists: /mnt/c/Program Files/AutoHotkey/v1.1.37.02/AutoHotkeyU32.exe
2025-07-11 22:47:53,595 - DEBUG - Copied script to Windows temp directory: /mnt/c/Windows/Temp/generated_loadout.ahk
2025-07-11 22:47:53,595 - DEBUG - Basic strats script found: /home/coleb/projects/helldivers_strats/data/basic_strats.ahk
2025-07-11 22:47:53,599 - DEBUG - Copied basic_strats script to Windows temp: /mnt/c/Windows/Temp/basic_strats.ahk
2025-07-11 22:47:53,603 - DEBUG - Created VBS launcher: /mnt/c/Windows/Temp/launch_ahk.vbs
2025-07-11 22:47:53,603 - DEBUG - VBS content: 
Set WshShell = CreateObject("WScript.Shell")
' Launch the generated loadout script
WshShell.Run """C:\Program Files\AutoHotkey\v1.1.37.02\AutoHotkeyU32.exe"" ""C:\Windows\Temp\generated_loadout.ahk""", 0, False
' Also launch the basic_strats script
WshShell.Run """C:\Program Files\AutoHotkey\v1.1.37.02\AutoHotkeyU32.exe"" ""C:\Windows\Temp\basic_strats.ahk""", 0, False

2025-07-11 22:47:53,603 - DEBUG - Executing command: cmd.exe /c "cscript //Nologo C:\Windows\Temp\launch_ahk.vbs"
2025-07-11 22:47:53,603 - DEBUG - Subprocess result: <Popen: returncode: None args: 'cmd.exe /c "cscript //Nologo C:\\Windows\\Te...>
2025-07-11 22:47:53,793 - DEBUG - AHK script execution initiated successfully
2025-07-11 22:47:53,793 - DEBUG - Loadout selected: 500kg, laser dog, airstrike, quasar, Loadout details: ['AX/LAS-5 "Guard Dog" Rover', 'Eagle 500kg Bomb', 'Eagle Airstrike', 'LAS-99 Quasar Cannon']
2025-07-11 22:47:56,523 - DEBUG - on_select triggered
2025-07-11 22:47:56,523 - DEBUG - Selection: (0,)
2025-07-11 22:47:56,523 - DEBUG - Selected loadout name: 500kg, laser dog, airstrike, quasar
2025-07-11 22:47:56,524 - DEBUG - ===== RELOAD AHK FUNCTION CALLED =====
2025-07-11 22:47:56,524 - DEBUG - Current working directory: /mnt/c/Users/coleb/OneDrive/Desktop
2025-07-11 22:47:56,524 - DEBUG - BASE_DIR: /home/coleb/projects/helldivers_strats/data
2025-07-11 22:47:56,525 - DEBUG - Generated Loadout Script Path: /home/coleb/projects/helldivers_strats/data/generated_loadout.ahk
2025-07-11 22:47:56,525 - DEBUG - AHK Executable: /mnt/c/Program Files/AutoHotkey/v1.1.37.02/AutoHotkeyU32.exe
2025-07-11 22:47:56,525 - DEBUG - AHK Executable (Windows path): C:\Program Files\AutoHotkey\v1.1.37.02\AutoHotkeyU32.exe
2025-07-11 22:47:56,525 - DEBUG - Script file exists: /home/coleb/projects/helldivers_strats/data/generated_loadout.ahk
2025-07-11 22:47:56,527 - DEBUG - AHK executable exists: /mnt/c/Program Files/AutoHotkey/v1.1.37.02/AutoHotkeyU32.exe
2025-07-11 22:47:56,530 - DEBUG - Copied script to Windows temp directory: /mnt/c/Windows/Temp/generated_loadout.ahk
2025-07-11 22:47:56,530 - DEBUG - Basic strats script found: /home/coleb/projects/helldivers_strats/data/basic_strats.ahk
2025-07-11 22:47:56,534 - DEBUG - Copied basic_strats script to Windows temp: /mnt/c/Windows/Temp/basic_strats.ahk
2025-07-11 22:47:56,538 - DEBUG - Created VBS launcher: /mnt/c/Windows/Temp/launch_ahk.vbs
2025-07-11 22:47:56,538 - DEBUG - VBS content: 
Set WshShell = CreateObject("WScript.Shell")
' Launch the generated loadout script
WshShell.Run """C:\Program Files\AutoHotkey\v1.1.37.02\AutoHotkeyU32.exe"" ""C:\Windows\Temp\generated_loadout.ahk""", 0, False
' Also launch the basic_strats script
WshShell.Run """C:\Program Files\AutoHotkey\v1.1.37.02\AutoHotkeyU32.exe"" ""C:\Windows\Temp\basic_strats.ahk""", 0, False

2025-07-11 22:47:56,538 - DEBUG - Executing command: cmd.exe /c "cscript //Nologo C:\Windows\Temp\launch_ahk.vbs"
2025-07-11 22:47:56,539 - DEBUG - Subprocess result: <Popen: returncode: None args: 'cmd.exe /c "cscript //Nologo C:\\Windows\\Te...>
2025-07-11 22:47:56,666 - DEBUG - AHK script execution initiated successfully
2025-07-11 22:47:56,667 - DEBUG - Loadout selected: 500kg, laser dog, airstrike, quasar, Loadout details: ['AX/LAS-5 "Guard Dog" Rover', 'Eagle 500kg Bomb', 'Eagle Airstrike', 'LAS-99 Quasar Cannon']
2025-07-11 22:50:45,389 - DEBUG - Loadouts loaded: {'Alpha': ['MG-43 Machine Gun', 'Reinforce', 'E/MG-101 HMG Emplacement', 'Orbital Gatling Barrage'], '500kg, laser dog, airstrike, quasar': ['AX/LAS-5 "Guard Dog" Rover', 'Eagle 500kg Bomb', 'Eagle Airstrike', 'LAS-99 Quasar Cannon'], '500,laserdog,airstrike,quasar': ['Eagle 500kg Bomb', 'AX/LAS-5 "Guard Dog" Rover', 'Eagle Airstrike', 'LAS-99 Quasar Cannon']}
2025-07-11 22:50:46,349 - DEBUG - on_select triggered
2025-07-11 22:50:46,349 - DEBUG - Selection: (0,)
2025-07-11 22:50:46,349 - DEBUG - Selected loadout name: 500,laserdog,airstrike,quasar
2025-07-11 22:50:46,350 - DEBUG - ===== RELOAD AHK FUNCTION CALLED =====
2025-07-11 22:50:46,350 - DEBUG - Current working directory: /mnt/c/Users/coleb/OneDrive/Desktop
2025-07-11 22:50:46,350 - DEBUG - BASE_DIR: /home/coleb/projects/helldivers_strats/data
2025-07-11 22:50:46,350 - DEBUG - Generated Loadout Script Path: /home/coleb/projects/helldivers_strats/data/generated_loadout.ahk
2025-07-11 22:50:46,351 - DEBUG - AHK Executable: /mnt/c/Program Files/AutoHotkey/v1.1.37.02/AutoHotkeyU32.exe
2025-07-11 22:50:46,351 - DEBUG - AHK Executable (Windows path): C:\Program Files\AutoHotkey\v1.1.37.02\AutoHotkeyU32.exe
2025-07-11 22:50:46,351 - DEBUG - Script file exists: /home/coleb/projects/helldivers_strats/data/generated_loadout.ahk
2025-07-11 22:50:46,353 - DEBUG - AHK executable exists: /mnt/c/Program Files/AutoHotkey/v1.1.37.02/AutoHotkeyU32.exe
2025-07-11 22:50:46,356 - DEBUG - Copied script to Windows temp directory: /mnt/c/Windows/Temp/generated_loadout.ahk
2025-07-11 22:50:46,356 - DEBUG - Basic strats script found: /home/coleb/projects/helldivers_strats/data/basic_strats.ahk
2025-07-11 22:50:46,358 - DEBUG - Copied basic_strats script to Windows temp: /mnt/c/Windows/Temp/basic_strats.ahk
2025-07-11 22:50:46,361 - DEBUG - Created VBS launcher: /mnt/c/Windows/Temp/launch_ahk.vbs
2025-07-11 22:50:46,361 - DEBUG - VBS content: 
Set WshShell = CreateObject("WScript.Shell")
' Launch the generated loadout script
WshShell.Run """C:\Program Files\AutoHotkey\v1.1.37.02\AutoHotkeyU32.exe"" ""C:\Windows\Temp\generated_loadout.ahk""", 0, False
' Also launch the basic_strats script
WshShell.Run """C:\Program Files\AutoHotkey\v1.1.37.02\AutoHotkeyU32.exe"" ""C:\Windows\Temp\basic_strats.ahk""", 0, False

2025-07-11 22:50:46,362 - DEBUG - Executing command: cmd.exe /c "cscript //Nologo C:\Windows\Temp\launch_ahk.vbs"
2025-07-11 22:50:46,362 - DEBUG - Subprocess result: <Popen: returncode: None args: 'cmd.exe /c "cscript //Nologo C:\\Windows\\Te...>
2025-07-11 22:50:46,464 - DEBUG - AHK script execution initiated successfully
2025-07-11 22:50:46,464 - DEBUG - Loadout selected: 500,laserdog,airstrike,quasar, Loadout details: ['Eagle 500kg Bomb', 'AX/LAS-5 "Guard Dog" Rover', 'Eagle Airstrike', 'LAS-99 Quasar Cannon']
2025-07-11 22:51:18,156 - DEBUG - Loadouts loaded: {'Alpha': ['MG-43 Machine Gun', 'Reinforce', 'E/MG-101 HMG Emplacement', 'Orbital Gatling Barrage'], '500kg, laser dog, airstrike, quasar': ['AX/LAS-5 "Guard Dog" Rover', 'Eagle 500kg Bomb', 'Eagle Airstrike', 'LAS-99 Quasar Cannon'], '500,laserdog,airstrike,quasar': ['Eagle 500kg Bomb', 'AX/LAS-5 "Guard Dog" Rover', 'Eagle Airstrike', 'LAS-99 Quasar Cannon']}
2025-07-11 22:51:19,608 - DEBUG - on_select triggered
2025-07-11 22:51:19,609 - DEBUG - Selection: (0,)
2025-07-11 22:51:19,609 - DEBUG - Selected loadout name: 500,laserdog,airstrike,quasar
2025-07-11 22:51:19,609 - DEBUG - ===== RELOAD AHK FUNCTION CALLED =====
2025-07-11 22:51:19,609 - DEBUG - Current working directory: /mnt/c/Users/coleb/OneDrive/Desktop
2025-07-11 22:51:19,610 - DEBUG - BASE_DIR: /home/coleb/projects/helldivers_strats/data
2025-07-11 22:51:19,610 - DEBUG - Generated Loadout Script Path: /home/coleb/projects/helldivers_strats/data/generated_loadout.ahk
2025-07-11 22:51:19,610 - DEBUG - AHK Executable: /mnt/c/Program Files/AutoHotkey/v1.1.37.02/AutoHotkeyU32.exe
2025-07-11 22:51:19,610 - DEBUG - AHK Executable (Windows path): C:\Program Files\AutoHotkey\v1.1.37.02\AutoHotkeyU32.exe
2025-07-11 22:51:19,610 - DEBUG - Script file exists: /home/coleb/projects/helldivers_strats/data/generated_loadout.ahk
2025-07-11 22:51:19,612 - DEBUG - AHK executable exists: /mnt/c/Program Files/AutoHotkey/v1.1.37.02/AutoHotkeyU32.exe
2025-07-11 22:51:19,614 - DEBUG - Copied script to Windows temp directory: /mnt/c/Windows/Temp/generated_loadout.ahk
2025-07-11 22:51:19,614 - DEBUG - Basic strats script found: /home/coleb/projects/helldivers_strats/data/basic_strats.ahk
2025-07-11 22:51:19,617 - DEBUG - Copied basic_strats script to Windows temp: /mnt/c/Windows/Temp/basic_strats.ahk
2025-07-11 22:51:19,620 - DEBUG - Created VBS launcher: /mnt/c/Windows/Temp/launch_ahk.vbs
2025-07-11 22:51:19,620 - DEBUG - VBS content: 
Set WshShell = CreateObject("WScript.Shell")
' Launch the generated loadout script
WshShell.Run """C:\Program Files\AutoHotkey\v1.1.37.02\AutoHotkeyU32.exe"" ""C:\Windows\Temp\generated_loadout.ahk""", 0, False
' Also launch the basic_strats script
WshShell.Run """C:\Program Files\AutoHotkey\v1.1.37.02\AutoHotkeyU32.exe"" ""C:\Windows\Temp\basic_strats.ahk""", 0, False

2025-07-11 22:51:19,620 - DEBUG - Executing command: cmd.exe /c "cscript //Nologo C:\Windows\Temp\launch_ahk.vbs"
2025-07-11 22:51:19,621 - DEBUG - Subprocess result: <Popen: returncode: None args: 'cmd.exe /c "cscript //Nologo C:\\Windows\\Te...>
2025-07-11 22:51:19,725 - DEBUG - AHK script execution initiated successfully
2025-07-11 22:51:19,725 - DEBUG - Loadout selected: 500,laserdog,airstrike,quasar, Loadout details: ['Eagle 500kg Bomb', 'AX/LAS-5 "Guard Dog" Rover', 'Eagle Airstrike', 'LAS-99 Quasar Cannon']
2025-07-11 23:04:09,967 - DEBUG - Loadouts loaded: {'Alpha': ['MG-43 Machine Gun', 'Reinforce', 'E/MG-101 HMG Emplacement', 'Orbital Gatling Barrage'], '500kg, laser dog, airstrike, quasar': ['AX/LAS-5 "Guard Dog" Rover', 'Eagle 500kg Bomb', 'Eagle Airstrike', 'LAS-99 Quasar Cannon'], '500,laserdog,airstrike,quasar': ['Eagle 500kg Bomb', 'AX/LAS-5 "Guard Dog" Rover', 'Eagle Airstrike', 'LAS-99 Quasar Cannon']}
2025-07-11 23:04:10,037 - DEBUG - on_select triggered
2025-07-11 23:04:10,037 - DEBUG - Selection: (0,)
2025-07-11 23:04:10,037 - DEBUG - Selected loadout name: 500,laserdog,airstrike,quasar
2025-07-11 23:04:10,038 - DEBUG - ===== RELOAD AHK FUNCTION CALLED =====
2025-07-11 23:04:10,038 - DEBUG - Current working directory: /mnt/c/Users/coleb/OneDrive/Desktop
2025-07-11 23:04:10,038 - DEBUG - BASE_DIR: /home/coleb/projects/helldivers_strats/data
2025-07-11 23:04:10,038 - DEBUG - Generated Loadout Script Path: /home/coleb/projects/helldivers_strats/data/generated_loadout.ahk
2025-07-11 23:04:10,039 - DEBUG - AHK Executable: /mnt/c/Program Files/AutoHotkey/v1.1.37.02/AutoHotkeyU32.exe
2025-07-11 23:04:10,039 - DEBUG - AHK Executable (Windows path): C:\Program Files\AutoHotkey\v1.1.37.02\AutoHotkeyU32.exe
2025-07-11 23:04:10,039 - DEBUG - Script file exists: /home/coleb/projects/helldivers_strats/data/generated_loadout.ahk
2025-07-11 23:04:10,041 - DEBUG - AHK executable exists: /mnt/c/Program Files/AutoHotkey/v1.1.37.02/AutoHotkeyU32.exe
2025-07-11 23:04:10,044 - DEBUG - Copied script to Windows temp directory: /mnt/c/Windows/Temp/generated_loadout.ahk
2025-07-11 23:04:10,044 - DEBUG - Basic strats script found: /home/coleb/projects/helldivers_strats/data/basic_strats.ahk
2025-07-11 23:04:10,047 - DEBUG - Copied basic_strats script to Windows temp: /mnt/c/Windows/Temp/basic_strats.ahk
2025-07-11 23:04:10,050 - DEBUG - Created VBS launcher: /mnt/c/Windows/Temp/launch_ahk.vbs
2025-07-11 23:04:10,050 - DEBUG - VBS content: 
Set WshShell = CreateObject("WScript.Shell")
' Launch the generated loadout script
WshShell.Run """C:\Program Files\AutoHotkey\v1.1.37.02\AutoHotkeyU32.exe"" ""C:\Windows\Temp\generated_loadout.ahk""", 0, False
' Also launch the basic_strats script
WshShell.Run """C:\Program Files\AutoHotkey\v1.1.37.02\AutoHotkeyU32.exe"" ""C:\Windows\Temp\basic_strats.ahk""", 0, False

2025-07-11 23:04:10,051 - DEBUG - Executing command: cmd.exe /c "cscript //Nologo C:\Windows\Temp\launch_ahk.vbs"
2025-07-11 23:04:10,051 - DEBUG - Subprocess result: <Popen: returncode: None args: 'cmd.exe /c "cscript //Nologo C:\\Windows\\Te...>
2025-07-11 23:04:10,174 - DEBUG - AHK script execution initiated successfully
2025-07-11 23:04:10,175 - DEBUG - Loadout selected: 500,laserdog,airstrike,quasar, Loadout details: ['Eagle 500kg Bomb', 'AX/LAS-5 "Guard Dog" Rover', 'Eagle Airstrike', 'LAS-99 Quasar Cannon']
